<?xml version="1.0" encoding="UTF-8"?>
<!-- Generated by org.testng.reporters.JUnitXMLReporter -->
<testsuite ignored="0" hostname="DESKTOP-8EA8TBM" failures="0" tests="3" name="CartTest" time="95.118" errors="0" timestamp="2025-05-12T22:34:21 IST">
  <testcase classname="test.CartTest" name="testAddProductToCart" time="4.473"/>
  <testcase classname="test.CartTest" name="testCartTotal" time="0.697"/>
  <testcase classname="test.CartTest" name="testRemoveProductFromCart" time="18.212"/>
</testsuite> <!-- CartTest -->
