<?xml version="1.0" encoding="UTF-8"?>
<!-- Generated by org.testng.reporters.JUnitXMLReporter -->
<testsuite ignored="0" hostname="DESKTOP-8EA8TBM" failures="1" tests="3" name="CartTest" time="57.768" errors="0" timestamp="2025-05-08T10:37:10 IST">
  <testcase classname="test.CartTest" name="testAddProductToCart" time="5.201"/>
  <testcase classname="test.CartTest" name="testCartTotal" time="3.125">
    <failure type="java.lang.AssertionError" message="Cart should have 2 items expected [2] but found [1]">
      <![CDATA[java.lang.AssertionError: Cart should have 2 items expected [2] but found [1]
at test.CartTest.testCartTotal(CartTest.java:120)
at java.base/java.util.ArrayList.forEach(ArrayList.java:1511)
at java.base/java.util.concurrent.FutureTask.run(FutureTask.java:264)
at java.base/java.util.concurrent.ThreadPoolExecutor.runWorker(ThreadPoolExecutor.java:1136)
at java.base/java.util.concurrent.ThreadPoolExecutor$Worker.run(ThreadPoolExecutor.java:635)
at java.base/java.lang.Thread.run(Thread.java:833)
... Removed 23 stack frames]]>
    </failure>
  </testcase> <!-- testCartTotal -->
  <testcase classname="test.CartTest" name="testRemoveProductFromCart" time="17.619"/>
</testsuite> <!-- CartTest -->
