<?xml version="1.0" encoding="UTF-8"?>
<!-- Generated by org.testng.reporters.JUnitXMLReporter -->
<testsuite ignored="0" hostname="DESKTOP-8EA8TBM" failures="0" tests="3" name="ProductTest" time="37.008" errors="0" timestamp="2025-05-08T10:36:50 IST">
  <testcase classname="test.ProductTest" name="testProductDetails" time="0.559"/>
  <testcase classname="test.ProductTest" name="testProductListing" time="0.152"/>
  <testcase classname="test.ProductTest" name="testProductSearch" time="0.348"/>
</testsuite> <!-- ProductTest -->
