<?xml version="1.0" encoding="UTF-8"?>
<!-- Generated by org.testng.reporters.JUnitXMLReporter -->
<testsuite ignored="0" hostname="DESKTOP-8EA8TBM" failures="0" tests="3" name="ProductTest" time="79.848" errors="0" timestamp="2025-05-12T22:34:05 IST">
  <testcase classname="test.ProductTest" name="testProductDetails" time="1.051"/>
  <testcase classname="test.ProductTest" name="testProductListing" time="0.081"/>
  <testcase classname="test.ProductTest" name="testProductSearch" time="0.264"/>
</testsuite> <!-- ProductTest -->
