<?xml version="1.0" encoding="UTF-8"?>
<!-- Generated by org.testng.reporters.JUnitXMLReporter -->
<testsuite ignored="6" hostname="DESKTOP-8EA8TBM" failures="0" tests="9" name="Test" time="118.534" errors="0" timestamp="2025-05-12T21:54:45 IST">
  <testcase classname="test.CartTest" name="testAddProductToCart" time="3.672"/>
  <testcase classname="test.CartTest" name="testCartTotal" time="0.674"/>
  <testcase classname="test.CartTest" name="testRemoveProductFromCart" time="17.915"/>
  <testcase classname="test.ProductTest" name="testProductDetails" time="0.466"/>
  <testcase classname="test.ProductTest" name="testProductListing" time="0.1"/>
  <testcase classname="test.ProductTest" name="testProductSearch" time="0.201"/>
  <testcase classname="test.LoginTest" name="testValidLogin" time="0.48"/>
  <testcase classname="test.LoginTest" name="testInvalidLogin" time="1.444"/>
  <testcase classname="test.CheckoutTest" name="testCheckoutProcess" time="1.924"/>
  <testcase classname="base.BaseTest" name="@AfterSuite afterSuite" time="0.0">
    <ignored/>
  </testcase> <!-- @AfterSuite afterSuite -->
  <testcase classname="base.BaseTest" name="@BeforeSuite beforeSuite" time="0.0">
    <ignored/>
  </testcase> <!-- @BeforeSuite beforeSuite -->
  <testcase classname="base.BaseTest" name="@BeforeSuite beforeSuite" time="0.0">
    <ignored/>
  </testcase> <!-- @BeforeSuite beforeSuite -->
  <testcase classname="base.BaseTest" name="@AfterSuite afterSuite" time="0.0">
    <ignored/>
  </testcase> <!-- @AfterSuite afterSuite -->
  <testcase classname="base.BaseTest" name="@AfterSuite afterSuite" time="0.0">
    <ignored/>
  </testcase> <!-- @AfterSuite afterSuite -->
  <testcase classname="base.BaseTest" name="@BeforeSuite beforeSuite" time="0.0">
    <ignored/>
  </testcase> <!-- @BeforeSuite beforeSuite -->
</testsuite> <!-- Test -->
