<?xml version="1.0" encoding="UTF-8"?>
<!-- Generated by org.testng.reporters.JUnitXMLReporter -->
<testsuite ignored="6" hostname="DESKTOP-8EA8TBM" failures="0" tests="9" name="Test" time="93.541" errors="0" timestamp="2025-05-07T15:42:37 IST">
  <testcase classname="test.CartTest" name="testAddProductToCart" time="3.649"/>
  <testcase classname="test.CartTest" name="testCartTotal" time="2.925"/>
  <testcase classname="test.CartTest" name="testRemoveProductFromCart" time="17.633"/>
  <testcase classname="test.ProductTest" name="testProductDetails" time="0.417"/>
  <testcase classname="test.ProductTest" name="testProductListing" time="0.125"/>
  <testcase classname="test.ProductTest" name="testProductSearch" time="0.354"/>
  <testcase classname="test.LoginTest" name="testValidLogin" time="0.812"/>
  <testcase classname="test.LoginTest" name="testInvalidLogin" time="1.594"/>
  <testcase classname="test.CheckoutTest" name="testCheckoutProcess" time="2.775"/>
  <testcase classname="base.BaseTest" name="@AfterSuite afterSuite" time="0.0">
    <ignored/>
  </testcase> <!-- @AfterSuite afterSuite -->
  <testcase classname="base.BaseTest" name="@BeforeSuite beforeSuite" time="0.0">
    <ignored/>
  </testcase> <!-- @BeforeSuite beforeSuite -->
  <testcase classname="base.BaseTest" name="@AfterSuite afterSuite" time="0.0">
    <ignored/>
  </testcase> <!-- @AfterSuite afterSuite -->
  <testcase classname="base.BaseTest" name="@AfterSuite afterSuite" time="0.0">
    <ignored/>
  </testcase> <!-- @AfterSuite afterSuite -->
  <testcase classname="base.BaseTest" name="@BeforeSuite beforeSuite" time="0.0">
    <ignored/>
  </testcase> <!-- @BeforeSuite beforeSuite -->
  <testcase classname="base.BaseTest" name="@BeforeSuite beforeSuite" time="0.0">
    <ignored/>
  </testcase> <!-- @BeforeSuite beforeSuite -->
</testsuite> <!-- Test -->
