<?xml version="1.0" encoding="UTF-8"?>
<!-- Generated by org.testng.reporters.JUnitXMLReporter -->
<testsuite ignored="6" hostname="DESKTOP-8EA8TBM" failures="0" tests="9" name="Regression" time="121.308" errors="0" timestamp="2025-05-12T23:56:56 IST">
  <testcase classname="test.CartTest" name="testAddProductToCart" time="3.65"/>
  <testcase classname="test.CartTest" name="testCartTotal" time="0.642"/>
  <testcase classname="test.CheckoutTest" name="testCheckoutProcess" time="1.9"/>
  <testcase classname="test.ProductTest" name="testProductDetails" time="0.436"/>
  <testcase classname="test.ProductTest" name="testProductListing" time="0.065"/>
  <testcase classname="test.ProductTest" name="testProductSearch" time="0.159"/>
  <testcase classname="test.CartTest" name="testRemoveProductFromCart" time="17.943"/>
  <testcase classname="test.LoginTest" name="testValidLogin" time="0.448"/>
  <testcase classname="test.LoginTest" name="testInvalidLogin" time="2.188"/>
  <testcase classname="base.BaseTest" name="@BeforeSuite beforeSuite" time="0.0">
    <ignored/>
  </testcase> <!-- @BeforeSuite beforeSuite -->
  <testcase classname="base.BaseTest" name="@BeforeSuite beforeSuite" time="0.0">
    <ignored/>
  </testcase> <!-- @BeforeSuite beforeSuite -->
  <testcase classname="base.BaseTest" name="@BeforeSuite beforeSuite" time="0.0">
    <ignored/>
  </testcase> <!-- @BeforeSuite beforeSuite -->
  <testcase classname="base.BaseTest" name="@AfterSuite afterSuite" time="0.0">
    <ignored/>
  </testcase> <!-- @AfterSuite afterSuite -->
  <testcase classname="base.BaseTest" name="@AfterSuite afterSuite" time="0.0">
    <ignored/>
  </testcase> <!-- @AfterSuite afterSuite -->
  <testcase classname="base.BaseTest" name="@AfterSuite afterSuite" time="0.0">
    <ignored/>
  </testcase> <!-- @AfterSuite afterSuite -->
</testsuite> <!-- Regression -->
