<?xml version="1.0" encoding="UTF-8"?>
<testng-results ignored="0" total="9" passed="9" failed="0" skipped="0">
  <reporter-output>
  </reporter-output>
  <suite started-at="2025-05-12T23:54:55 IST" name="Test Suite" finished-at="2025-05-12T23:56:56 IST" duration-ms="121308">
    <groups>
    </groups>
    <test started-at="2025-05-12T23:54:55 IST" name="Regression" finished-at="2025-05-12T23:56:56 IST" duration-ms="121308">
      <class name="test.ProductTest">
        <test-method is-config="true" signature="setup(java.lang.reflect.Method)[pri:0, instance:test.ProductTest@3bcbb589]" started-at="2025-05-12T23:55:34 IST" name="setup" finished-at="2025-05-12T23:55:42 IST" duration-ms="7940" status="PASS">
          <params>
            <param index="0">
              <value>
                <![CDATA[public void test.ProductTest.testProductDetails()]]>
              </value>
            </param>
          </params>
          <reporter-output>
          </reporter-output>
        </test-method> <!-- setup -->
        <test-method is-config="true" signature="loginBeforeTest()[pri:0, instance:test.ProductTest@3bcbb589]" started-at="2025-05-12T23:55:42 IST" name="loginBeforeTest" finished-at="2025-05-12T23:55:47 IST" duration-ms="4457" status="PASS">
          <reporter-output>
          </reporter-output>
        </test-method> <!-- loginBeforeTest -->
        <test-method signature="testProductDetails()[pri:0, instance:test.ProductTest@3bcbb589]" started-at="2025-05-12T23:55:47 IST" name="testProductDetails" description="Test product details page" finished-at="2025-05-12T23:55:47 IST" duration-ms="436" status="PASS">
          <reporter-output>
          </reporter-output>
        </test-method> <!-- testProductDetails -->
        <test-method is-config="true" signature="tearDown(org.testng.ITestResult)[pri:0, instance:test.ProductTest@3bcbb589]" started-at="2025-05-12T23:55:47 IST" name="tearDown" finished-at="2025-05-12T23:55:48 IST" duration-ms="1124" status="PASS">
          <params>
            <param index="0">
              <value>
                <![CDATA[[TestResult name=testProductDetails status=SUCCESS method=ProductTest.testProductDetails()[pri:0, instance:test.ProductTest@3bcbb589] output={null}]]]>
              </value>
            </param>
          </params>
          <reporter-output>
          </reporter-output>
        </test-method> <!-- tearDown -->
        <test-method is-config="true" signature="setup(java.lang.reflect.Method)[pri:0, instance:test.ProductTest@3bcbb589]" started-at="2025-05-12T23:55:48 IST" name="setup" finished-at="2025-05-12T23:55:55 IST" duration-ms="6936" status="PASS">
          <params>
            <param index="0">
              <value>
                <![CDATA[public void test.ProductTest.testProductListing()]]>
              </value>
            </param>
          </params>
          <reporter-output>
          </reporter-output>
        </test-method> <!-- setup -->
        <test-method is-config="true" signature="loginBeforeTest()[pri:0, instance:test.ProductTest@3bcbb589]" started-at="2025-05-12T23:55:55 IST" name="loginBeforeTest" finished-at="2025-05-12T23:56:00 IST" duration-ms="4455" status="PASS">
          <reporter-output>
          </reporter-output>
        </test-method> <!-- loginBeforeTest -->
        <test-method signature="testProductListing()[pri:0, instance:test.ProductTest@3bcbb589]" started-at="2025-05-12T23:56:00 IST" name="testProductListing" description="Test product listing on home page" finished-at="2025-05-12T23:56:00 IST" duration-ms="65" status="PASS">
          <reporter-output>
          </reporter-output>
        </test-method> <!-- testProductListing -->
        <test-method is-config="true" signature="tearDown(org.testng.ITestResult)[pri:0, instance:test.ProductTest@3bcbb589]" started-at="2025-05-12T23:56:00 IST" name="tearDown" finished-at="2025-05-12T23:56:01 IST" duration-ms="1016" status="PASS">
          <params>
            <param index="0">
              <value>
                <![CDATA[[TestResult name=testProductListing status=SUCCESS method=ProductTest.testProductListing()[pri:0, instance:test.ProductTest@3bcbb589] output={null}]]]>
              </value>
            </param>
          </params>
          <reporter-output>
          </reporter-output>
        </test-method> <!-- tearDown -->
        <test-method is-config="true" signature="setup(java.lang.reflect.Method)[pri:0, instance:test.ProductTest@3bcbb589]" started-at="2025-05-12T23:56:01 IST" name="setup" finished-at="2025-05-12T23:56:08 IST" duration-ms="7030" status="PASS">
          <params>
            <param index="0">
              <value>
                <![CDATA[public void test.ProductTest.testProductSearch()]]>
              </value>
            </param>
          </params>
          <reporter-output>
          </reporter-output>
        </test-method> <!-- setup -->
        <test-method is-config="true" signature="loginBeforeTest()[pri:0, instance:test.ProductTest@3bcbb589]" started-at="2025-05-12T23:56:08 IST" name="loginBeforeTest" finished-at="2025-05-12T23:56:12 IST" duration-ms="4448" status="PASS">
          <reporter-output>
          </reporter-output>
        </test-method> <!-- loginBeforeTest -->
        <test-method signature="testProductSearch()[pri:0, instance:test.ProductTest@3bcbb589]" started-at="2025-05-12T23:56:12 IST" name="testProductSearch" description="Test product search functionality" finished-at="2025-05-12T23:56:13 IST" duration-ms="159" status="PASS">
          <reporter-output>
          </reporter-output>
        </test-method> <!-- testProductSearch -->
        <test-method is-config="true" signature="tearDown(org.testng.ITestResult)[pri:0, instance:test.ProductTest@3bcbb589]" started-at="2025-05-12T23:56:13 IST" name="tearDown" finished-at="2025-05-12T23:56:14 IST" duration-ms="1017" status="PASS">
          <params>
            <param index="0">
              <value>
                <![CDATA[[TestResult name=testProductSearch status=SUCCESS method=ProductTest.testProductSearch()[pri:0, instance:test.ProductTest@3bcbb589] output={null}]]]>
              </value>
            </param>
          </params>
          <reporter-output>
          </reporter-output>
        </test-method> <!-- tearDown -->
      </class> <!-- test.ProductTest -->
      <class name="test.LoginTest">
        <test-method is-config="true" signature="beforeSuite()[pri:0, instance:test.LoginTest@3243b914]" started-at="2025-05-12T23:54:55 IST" name="beforeSuite" finished-at="2025-05-12T23:54:55 IST" duration-ms="259" status="PASS">
          <reporter-output>
          </reporter-output>
        </test-method> <!-- beforeSuite -->
        <test-method is-config="true" signature="setup(java.lang.reflect.Method)[pri:0, instance:test.LoginTest@3243b914]" started-at="2025-05-12T23:56:40 IST" name="setup" finished-at="2025-05-12T23:56:46 IST" duration-ms="5759" status="PASS">
          <params>
            <param index="0">
              <value>
                <![CDATA[public void test.LoginTest.testValidLogin()]]>
              </value>
            </param>
          </params>
          <reporter-output>
          </reporter-output>
        </test-method> <!-- setup -->
        <test-method signature="testValidLogin()[pri:1, instance:test.LoginTest@3243b914]" started-at="2025-05-12T23:56:46 IST" name="testValidLogin" description="Test valid login with correct credentials" finished-at="2025-05-12T23:56:47 IST" duration-ms="448" status="PASS">
          <reporter-output>
          </reporter-output>
        </test-method> <!-- testValidLogin -->
        <test-method is-config="true" signature="tearDown(org.testng.ITestResult)[pri:0, instance:test.LoginTest@3243b914]" started-at="2025-05-12T23:56:47 IST" name="tearDown" finished-at="2025-05-12T23:56:48 IST" duration-ms="1055" status="PASS">
          <params>
            <param index="0">
              <value>
                <![CDATA[[TestResult name=testValidLogin status=SUCCESS method=LoginTest.testValidLogin()[pri:1, instance:test.LoginTest@3243b914] output={null}]]]>
              </value>
            </param>
          </params>
          <reporter-output>
          </reporter-output>
        </test-method> <!-- tearDown -->
        <test-method is-config="true" signature="setup(java.lang.reflect.Method)[pri:0, instance:test.LoginTest@3243b914]" started-at="2025-05-12T23:56:48 IST" name="setup" finished-at="2025-05-12T23:56:53 IST" duration-ms="5188" status="PASS">
          <params>
            <param index="0">
              <value>
                <![CDATA[public void test.LoginTest.testInvalidLogin() throws java.lang.InterruptedException]]>
              </value>
            </param>
          </params>
          <reporter-output>
          </reporter-output>
        </test-method> <!-- setup -->
        <test-method signature="testInvalidLogin()[pri:2, instance:test.LoginTest@3243b914]" started-at="2025-05-12T23:56:53 IST" name="testInvalidLogin" description="Test login with invalid credentials" finished-at="2025-05-12T23:56:55 IST" duration-ms="2188" status="PASS">
          <reporter-output>
          </reporter-output>
        </test-method> <!-- testInvalidLogin -->
        <test-method is-config="true" signature="tearDown(org.testng.ITestResult)[pri:0, instance:test.LoginTest@3243b914]" started-at="2025-05-12T23:56:55 IST" name="tearDown" finished-at="2025-05-12T23:56:56 IST" duration-ms="1066" status="PASS">
          <params>
            <param index="0">
              <value>
                <![CDATA[[TestResult name=testInvalidLogin status=SUCCESS method=LoginTest.testInvalidLogin()[pri:2, instance:test.LoginTest@3243b914] output={null}]]]>
              </value>
            </param>
          </params>
          <reporter-output>
          </reporter-output>
        </test-method> <!-- tearDown -->
        <test-method is-config="true" signature="afterSuite()[pri:0, instance:test.LoginTest@3243b914]" started-at="2025-05-12T23:56:56 IST" name="afterSuite" finished-at="2025-05-12T23:56:56 IST" duration-ms="297" status="PASS">
          <reporter-output>
          </reporter-output>
        </test-method> <!-- afterSuite -->
      </class> <!-- test.LoginTest -->
      <class name="test.CartTest">
        <test-method is-config="true" signature="setup(java.lang.reflect.Method)[pri:0, instance:test.CartTest@31000e60]" started-at="2025-05-12T23:54:55 IST" name="setup" finished-at="2025-05-12T23:55:03 IST" duration-ms="7692" status="PASS">
          <params>
            <param index="0">
              <value>
                <![CDATA[public void test.CartTest.testAddProductToCart()]]>
              </value>
            </param>
          </params>
          <reporter-output>
          </reporter-output>
        </test-method> <!-- setup -->
        <test-method is-config="true" signature="loginBeforeTest()[pri:0, instance:test.CartTest@31000e60]" started-at="2025-05-12T23:55:03 IST" name="loginBeforeTest" finished-at="2025-05-12T23:55:05 IST" duration-ms="2509" status="PASS">
          <reporter-output>
          </reporter-output>
        </test-method> <!-- loginBeforeTest -->
        <test-method signature="testAddProductToCart()[pri:0, instance:test.CartTest@31000e60]" started-at="2025-05-12T23:55:05 IST" name="testAddProductToCart" description="Test adding product to cart" finished-at="2025-05-12T23:55:09 IST" duration-ms="3650" status="PASS">
          <reporter-output>
          </reporter-output>
        </test-method> <!-- testAddProductToCart -->
        <test-method is-config="true" signature="tearDown(org.testng.ITestResult)[pri:0, instance:test.CartTest@31000e60]" started-at="2025-05-12T23:55:09 IST" name="tearDown" finished-at="2025-05-12T23:55:10 IST" duration-ms="1203" status="PASS">
          <params>
            <param index="0">
              <value>
                <![CDATA[[TestResult name=testAddProductToCart status=SUCCESS method=CartTest.testAddProductToCart()[pri:0, instance:test.CartTest@31000e60] output={null}]]]>
              </value>
            </param>
          </params>
          <reporter-output>
          </reporter-output>
        </test-method> <!-- tearDown -->
        <test-method is-config="true" signature="setup(java.lang.reflect.Method)[pri:0, instance:test.CartTest@31000e60]" started-at="2025-05-12T23:55:10 IST" name="setup" finished-at="2025-05-12T23:55:16 IST" duration-ms="5908" status="PASS">
          <params>
            <param index="0">
              <value>
                <![CDATA[public void test.CartTest.testCartTotal()]]>
              </value>
            </param>
          </params>
          <reporter-output>
          </reporter-output>
        </test-method> <!-- setup -->
        <test-method is-config="true" signature="loginBeforeTest()[pri:0, instance:test.CartTest@31000e60]" started-at="2025-05-12T23:55:16 IST" name="loginBeforeTest" finished-at="2025-05-12T23:55:18 IST" duration-ms="2469" status="PASS">
          <reporter-output>
          </reporter-output>
        </test-method> <!-- loginBeforeTest -->
        <test-method signature="testCartTotal()[pri:0, instance:test.CartTest@31000e60]" started-at="2025-05-12T23:55:18 IST" name="testCartTotal" description="Test cart total calculation" finished-at="2025-05-12T23:55:19 IST" duration-ms="642" status="PASS">
          <reporter-output>
          </reporter-output>
        </test-method> <!-- testCartTotal -->
        <test-method is-config="true" signature="tearDown(org.testng.ITestResult)[pri:0, instance:test.CartTest@31000e60]" started-at="2025-05-12T23:55:19 IST" name="tearDown" finished-at="2025-05-12T23:55:20 IST" duration-ms="1289" status="PASS">
          <params>
            <param index="0">
              <value>
                <![CDATA[[TestResult name=testCartTotal status=SUCCESS method=CartTest.testCartTotal()[pri:0, instance:test.CartTest@31000e60] output={null}]]]>
              </value>
            </param>
          </params>
          <reporter-output>
          </reporter-output>
        </test-method> <!-- tearDown -->
        <test-method is-config="true" signature="setup(java.lang.reflect.Method)[pri:0, instance:test.CartTest@31000e60]" started-at="2025-05-12T23:56:14 IST" name="setup" finished-at="2025-05-12T23:56:19 IST" duration-ms="5478" status="PASS">
          <params>
            <param index="0">
              <value>
                <![CDATA[public void test.CartTest.testRemoveProductFromCart()]]>
              </value>
            </param>
          </params>
          <reporter-output>
          </reporter-output>
        </test-method> <!-- setup -->
        <test-method is-config="true" signature="loginBeforeTest()[pri:0, instance:test.CartTest@31000e60]" started-at="2025-05-12T23:56:19 IST" name="loginBeforeTest" finished-at="2025-05-12T23:56:22 IST" duration-ms="2484" status="PASS">
          <reporter-output>
          </reporter-output>
        </test-method> <!-- loginBeforeTest -->
        <test-method signature="testRemoveProductFromCart()[pri:0, instance:test.CartTest@31000e60]" started-at="2025-05-12T23:56:22 IST" name="testRemoveProductFromCart" description="Test removing product from cart" finished-at="2025-05-12T23:56:39 IST" duration-ms="17943" status="PASS">
          <reporter-output>
          </reporter-output>
        </test-method> <!-- testRemoveProductFromCart -->
        <test-method is-config="true" signature="tearDown(org.testng.ITestResult)[pri:0, instance:test.CartTest@31000e60]" started-at="2025-05-12T23:56:39 IST" name="tearDown" finished-at="2025-05-12T23:56:40 IST" duration-ms="985" status="PASS">
          <params>
            <param index="0">
              <value>
                <![CDATA[[TestResult name=testRemoveProductFromCart status=SUCCESS method=CartTest.testRemoveProductFromCart()[pri:0, instance:test.CartTest@31000e60] output={null}]]]>
              </value>
            </param>
          </params>
          <reporter-output>
          </reporter-output>
        </test-method> <!-- tearDown -->
      </class> <!-- test.CartTest -->
      <class name="test.CheckoutTest">
        <test-method is-config="true" signature="setup(java.lang.reflect.Method)[pri:0, instance:test.CheckoutTest@1d470d0]" started-at="2025-05-12T23:55:20 IST" name="setup" finished-at="2025-05-12T23:55:27 IST" duration-ms="6492" status="PASS">
          <params>
            <param index="0">
              <value>
                <![CDATA[public void test.CheckoutTest.testCheckoutProcess()]]>
              </value>
            </param>
          </params>
          <reporter-output>
          </reporter-output>
        </test-method> <!-- setup -->
        <test-method is-config="true" signature="loginAndAddProductToCart()[pri:0, instance:test.CheckoutTest@1d470d0]" started-at="2025-05-12T23:55:27 IST" name="loginAndAddProductToCart" finished-at="2025-05-12T23:55:32 IST" duration-ms="4801" status="PASS">
          <reporter-output>
          </reporter-output>
        </test-method> <!-- loginAndAddProductToCart -->
        <test-method signature="testCheckoutProcess()[pri:0, instance:test.CheckoutTest@1d470d0]" started-at="2025-05-12T23:55:32 IST" name="testCheckoutProcess" description="Test complete checkout process" finished-at="2025-05-12T23:55:33 IST" duration-ms="1900" status="PASS">
          <reporter-output>
          </reporter-output>
        </test-method> <!-- testCheckoutProcess -->
        <test-method is-config="true" signature="tearDown(org.testng.ITestResult)[pri:0, instance:test.CheckoutTest@1d470d0]" started-at="2025-05-12T23:55:33 IST" name="tearDown" finished-at="2025-05-12T23:55:34 IST" duration-ms="1003" status="PASS">
          <params>
            <param index="0">
              <value>
                <![CDATA[[TestResult name=testCheckoutProcess status=SUCCESS method=CheckoutTest.testCheckoutProcess()[pri:0, instance:test.CheckoutTest@1d470d0] output={null}]]]>
              </value>
            </param>
          </params>
          <reporter-output>
          </reporter-output>
        </test-method> <!-- tearDown -->
      </class> <!-- test.CheckoutTest -->
    </test> <!-- Regression -->
  </suite> <!-- Test Suite -->
</testng-results>
