<?xml version="1.0" encoding="UTF-8"?>
<testng-results ignored="0" total="2" passed="2" failed="0" skipped="0">
  <reporter-output>
  </reporter-output>
  <suite started-at="2025-05-09T13:05:15 IST" name="Default suite" finished-at="2025-05-09T13:05:26 IST" duration-ms="10916">
    <groups>
    </groups>
    <test started-at="2025-05-09T13:05:15 IST" name="Default test" finished-at="2025-05-09T13:05:26 IST" duration-ms="10916">
      <class name="test.LoginTest">
        <test-method is-config="true" signature="beforeSuite()[pri:0, instance:test.LoginTest@54dcfa5a]" started-at="2025-05-09T13:05:15 IST" name="beforeSuite" finished-at="2025-05-09T13:05:15 IST" duration-ms="237" status="PASS">
          <reporter-output>
          </reporter-output>
        </test-method> <!-- beforeSuite -->
        <test-method is-config="true" signature="setup(java.lang.reflect.Method)[pri:0, instance:test.LoginTest@54dcfa5a]" started-at="2025-05-09T13:05:15 IST" name="setup" finished-at="2025-05-09T13:05:21 IST" duration-ms="5366" status="PASS">
          <params>
            <param index="0">
              <value>
                <![CDATA[public void test.LoginTest.testValidLogin()]]>
              </value>
            </param>
          </params>
          <reporter-output>
          </reporter-output>
        </test-method> <!-- setup -->
        <test-method signature="testValidLogin()[pri:1, instance:test.LoginTest@54dcfa5a]" started-at="2025-05-09T13:05:21 IST" name="testValidLogin" description="Test valid login with correct credentials" finished-at="2025-05-09T13:05:21 IST" duration-ms="821" status="PASS">
          <reporter-output>
          </reporter-output>
        </test-method> <!-- testValidLogin -->
        <test-method is-config="true" signature="tearDown(org.testng.ITestResult)[pri:0, instance:test.LoginTest@54dcfa5a]" started-at="2025-05-09T13:05:21 IST" name="tearDown" finished-at="2025-05-09T13:05:22 IST" duration-ms="294" status="PASS">
          <params>
            <param index="0">
              <value>
                <![CDATA[[TestResult name=testValidLogin status=SUCCESS method=LoginTest.testValidLogin()[pri:1, instance:test.LoginTest@54dcfa5a] output={null}]]]>
              </value>
            </param>
          </params>
          <reporter-output>
          </reporter-output>
        </test-method> <!-- tearDown -->
        <test-method is-config="true" signature="setup(java.lang.reflect.Method)[pri:0, instance:test.LoginTest@54dcfa5a]" started-at="2025-05-09T13:05:22 IST" name="setup" finished-at="2025-05-09T13:05:24 IST" duration-ms="2714" status="PASS">
          <params>
            <param index="0">
              <value>
                <![CDATA[public void test.LoginTest.testInvalidLogin() throws java.lang.InterruptedException]]>
              </value>
            </param>
          </params>
          <reporter-output>
          </reporter-output>
        </test-method> <!-- setup -->
        <test-method signature="testInvalidLogin()[pri:2, instance:test.LoginTest@54dcfa5a]" started-at="2025-05-09T13:05:24 IST" name="testInvalidLogin" description="Test login with invalid credentials" finished-at="2025-05-09T13:05:26 IST" duration-ms="1483" status="PASS">
          <reporter-output>
          </reporter-output>
        </test-method> <!-- testInvalidLogin -->
        <test-method is-config="true" signature="tearDown(org.testng.ITestResult)[pri:0, instance:test.LoginTest@54dcfa5a]" started-at="2025-05-09T13:05:26 IST" name="tearDown" finished-at="2025-05-09T13:05:26 IST" duration-ms="199" status="PASS">
          <params>
            <param index="0">
              <value>
                <![CDATA[[TestResult name=testInvalidLogin status=SUCCESS method=LoginTest.testInvalidLogin()[pri:2, instance:test.LoginTest@54dcfa5a] output={null}]]]>
              </value>
            </param>
          </params>
          <reporter-output>
          </reporter-output>
        </test-method> <!-- tearDown -->
        <test-method is-config="true" signature="afterSuite()[pri:0, instance:test.LoginTest@54dcfa5a]" started-at="2025-05-09T13:05:26 IST" name="afterSuite" finished-at="2025-05-09T13:05:27 IST" duration-ms="349" status="PASS">
          <reporter-output>
          </reporter-output>
        </test-method> <!-- afterSuite -->
      </class> <!-- test.LoginTest -->
    </test> <!-- Default test -->
  </suite> <!-- Default suite -->
</testng-results>
